#
# There is insufficient memory for the Java Runtime Environment to continue.
# Native memory allocation (malloc) failed to allocate 1809600 bytes for Chunk::new
# Possible reasons:
#   The system is out of physical RAM or swap space
#   The process is running with CompressedOops enabled, and the Java Heap may be blocking the growth of the native heap
# Possible solutions:
#   Reduce memory load on the system
#   Increase physical memory or swap space
#   Check if swap backing store is full
#   Decrease Java heap size (-Xmx/-Xms)
#   Decrease number of Java threads
#   Decrease Java thread stack sizes (-Xss)
#   Set larger code cache with -XX:ReservedCodeCacheSize=
#   JVM is running with Unscaled Compressed Oops mode in which the Java heap is
#     placed in the first 4GB address space. The Java Heap base address is the
#     maximum limit for the native heap growth. Please use -XX:HeapBaseMinAddress
#     to set the Java Heap base and to place the Java Heap above 4GB virtual address.
# This output file may be truncated or incomplete.
#
#  Out of Memory Error (allocation.cpp:389), pid=40204, tid=0x0000000000010478
#
# JRE version: OpenJDK Runtime Environment (8.0_242-b01) (build 1.8.0_242-release-1644-b01)
# Java VM: OpenJDK 64-Bit Server VM (25.242-b01 mixed mode windows-amd64 compressed oops)
# Failed to write core dump. Minidumps are not enabled by default on client versions of Windows
#

---------------  T H R E A D  ---------------

Current thread (0x00000000182d8800):  JavaThread "C2 CompilerThread0" daemon [_thread_in_native, id=66680, stack(0x0000000019be0000,0x0000000019ce0000)]

Stack: [0x0000000019be0000,0x0000000019ce0000]
[error occurred during error reporting (printing stack bounds), id 0xc0000005]

Native frames: (J=compiled Java code, j=interpreted, Vv=VM code, C=native code)


Current CompileTask:
C2: 305826 20135       4       org.gradle.api.internal.artifacts.ivyservice.resolveengine.artifact.ResolvedArtifactsGraphVisitor::getArtifacts (197 bytes)


---------------  P R O C E S S  ---------------

Java Threads: ( => current thread )
  0x000000001f619800 JavaThread "stdout" [_thread_in_native, id=54972, stack(0x000000002ee00000,0x000000002ef00000)]
  0x000000001f61d000 JavaThread "stderr" [_thread_in_native, id=44396, stack(0x000000002ed00000,0x000000002ee00000)]
  0x000000001f618800 JavaThread "pool-14-thread-1" [_thread_blocked, id=67268, stack(0x000000002ec00000,0x000000002ed00000)]
  0x000000001f615000 JavaThread "WorkerExecutor Queue Thread 2" [_thread_blocked, id=28308, stack(0x000000002eb00000,0x000000002ec00000)]
  0x000000001f618000 JavaThread "WorkerExecutor Queue" [_thread_blocked, id=40464, stack(0x000000002ea00000,0x000000002eb00000)]
  0x00000000215e8800 JavaThread "Cache worker for execution history cache (C:\Users\diwei.li\AndroidStudioProjects\Laji\.gradle\6.5\executionHistory)" [_thread_blocked, id=53664, stack(0x000000002e900000,0x000000002ea00000)]
  0x00000000215e9800 JavaThread "Execution worker for ':' Thread 3" [_thread_blocked, id=63704, stack(0x000000002e800000,0x000000002e900000)]
  0x00000000215ea000 JavaThread "Execution worker for ':' Thread 2" [_thread_blocked, id=41536, stack(0x000000002df00000,0x000000002e000000)]
  0x00000000215e7000 JavaThread "Execution worker for ':'" [_thread_blocked, id=16284, stack(0x000000002d8c0000,0x000000002d9c0000)]
  0x00000000215e6800 JavaThread "Cache worker for file content cache (C:\Users\diwei.li\AndroidStudioProjects\Laji\.gradle\6.5\fileContent)" [_thread_blocked, id=37272, stack(0x000000002d1a0000,0x000000002d2a0000)]
  0x00000000215ec800 JavaThread "Cache worker for Build Output Cleanup Cache (C:\Users\diwei.li\AndroidStudioProjects\Laji\.gradle\buildOutputCleanup)" [_thread_blocked, id=60352, stack(0x000000002d0a0000,0x000000002d1a0000)]
  0x00000000215e5800 JavaThread "Build operations Thread 4" [_thread_blocked, id=63808, stack(0x0000000023780000,0x0000000023880000)]
  0x00000000215e5000 JavaThread "Build operations Thread 3" [_thread_blocked, id=30128, stack(0x0000000023680000,0x0000000023780000)]
  0x00000000215eb800 JavaThread "Build operations Thread 2" [_thread_blocked, id=20840, stack(0x0000000021eb0000,0x0000000021fb0000)]
  0x00000000215eb000 JavaThread "Build operations" [_thread_blocked, id=35276, stack(0x0000000020470000,0x0000000020570000)]
  0x00000000215df800 JavaThread "Cache worker for cache directory md-rule (C:\Users\diwei.li\.gradle\caches\6.5\md-rule)" [_thread_blocked, id=17516, stack(0x000000001ed50000,0x000000001ee50000)]
  0x00000000215dd000 JavaThread "Cache worker for cache directory md-supplier (C:\Users\diwei.li\.gradle\caches\6.5\md-supplier)" [_thread_blocked, id=55020, stack(0x000000001d780000,0x000000001d880000)]
  0x00000000215e2800 JavaThread "Cache worker for checksums cache (C:\Users\diwei.li\AndroidStudioProjects\Laji\.gradle\checksums)" [_thread_blocked, id=66724, stack(0x000000001d680000,0x000000001d780000)]
  0x00000000215de800 JavaThread "Cache worker for file hash cache (C:\Users\diwei.li\AndroidStudioProjects\Laji\.gradle\6.5\fileHashes)" [_thread_blocked, id=50368, stack(0x000000001d580000,0x000000001d680000)]
  0x00000000215e1800 JavaThread "Thread-403" [_thread_blocked, id=20716, stack(0x000000001d480000,0x000000001d580000)]
  0x00000000215de000 JavaThread "Stdin handler" [_thread_blocked, id=67440, stack(0x000000001d080000,0x000000001d180000)]
  0x00000000215e1000 JavaThread "Asynchronous log dispatcher for DefaultDaemonConnection: socket connection from /127.0.0.1:64036 to /127.0.0.1:52268" [_thread_blocked, id=67236, stack(0x000000001cc80000,0x000000001cd80000)]
  0x00000000215e3800 JavaThread "Cancel handler" [_thread_blocked, id=65104, stack(0x00000000016c0000,0x00000000017c0000)]
  0x00000000215e4000 JavaThread "Handler for socket connection from /127.0.0.1:64036 to /127.0.0.1:52268" [_thread_in_native, id=51228, stack(0x00000000015c0000,0x00000000016c0000)]
  0x0000000022c28800 JavaThread "jar transforms Thread 254" [_thread_blocked, id=27528, stack(0x000000002be80000,0x000000002bf80000)]
  0x0000000022c27000 JavaThread "jar transforms Thread 253" [_thread_blocked, id=30800, stack(0x000000002b980000,0x000000002ba80000)]
  0x0000000022c1c000 JavaThread "jar transforms Thread 252" [_thread_blocked, id=43876, stack(0x000000002b880000,0x000000002b980000)]
  0x0000000022c22800 JavaThread "jar transforms Thread 251" [_thread_blocked, id=51016, stack(0x000000002b780000,0x000000002b880000)]
  0x0000000022c1f800 JavaThread "jar transforms Thread 250" [_thread_blocked, id=31204, stack(0x000000002b680000,0x000000002b780000)]
  0x0000000022c22000 JavaThread "jar transforms Thread 249" [_thread_blocked, id=27168, stack(0x000000002b580000,0x000000002b680000)]
  0x0000000022c20800 JavaThread "jar transforms Thread 248" [_thread_blocked, id=48456, stack(0x000000002b2d0000,0x000000002b3d0000)]
  0x0000000022c1b000 JavaThread "jar transforms Thread 247" [_thread_blocked, id=4480, stack(0x000000002b1d0000,0x000000002b2d0000)]
  0x0000000022c1e000 JavaThread "jar transforms Thread 246" [_thread_blocked, id=66888, stack(0x000000002b0d0000,0x000000002b1d0000)]
  0x0000000022c1c800 JavaThread "jar transforms Thread 245" [_thread_blocked, id=37384, stack(0x000000002afd0000,0x000000002b0d0000)]
  0x0000000022c1d800 JavaThread "jar transforms Thread 244" [_thread_blocked, id=28516, stack(0x000000002aed0000,0x000000002afd0000)]
  0x0000000022c21000 JavaThread "jar transforms Thread 243" [_thread_blocked, id=52468, stack(0x000000002add0000,0x000000002aed0000)]
  0x0000000022c1f000 JavaThread "jar transforms Thread 242" [_thread_blocked, id=7752, stack(0x000000002acd0000,0x000000002add0000)]
  0x0000000022c1a800 JavaThread "jar transforms Thread 241" [_thread_blocked, id=42032, stack(0x000000002abd0000,0x000000002acd0000)]
  0x0000000020fc9000 JavaThread "jar transforms Thread 240" [_thread_blocked, id=34456, stack(0x000000002aad0000,0x000000002abd0000)]
  0x0000000020fcb800 JavaThread "jar transforms Thread 239" [_thread_blocked, id=41408, stack(0x000000002a9d0000,0x000000002aad0000)]
  0x0000000020fca800 JavaThread "jar transforms Thread 238" [_thread_blocked, id=6280, stack(0x000000002a8d0000,0x000000002a9d0000)]
  0x0000000020fcf000 JavaThread "jar transforms Thread 237" [_thread_blocked, id=19612, stack(0x000000002a7d0000,0x000000002a8d0000)]
  0x0000000020fcc000 JavaThread "jar transforms Thread 236" [_thread_blocked, id=18168, stack(0x000000002a6d0000,0x000000002a7d0000)]
  0x0000000020fcd800 JavaThread "jar transforms Thread 235" [_thread_blocked, id=66804, stack(0x000000002a5d0000,0x000000002a6d0000)]
  0x0000000020fce800 JavaThread "jar transforms Thread 234" [_thread_blocked, id=43224, stack(0x000000002a4d0000,0x000000002a5d0000)]
  0x0000000020fcd000 JavaThread "jar transforms Thread 233" [_thread_blocked, id=11608, stack(0x000000002a3d0000,0x000000002a4d0000)]
  0x0000000020fc4800 JavaThread "jar transforms Thread 232" [_thread_blocked, id=65376, stack(0x000000002a2d0000,0x000000002a3d0000)]
  0x0000000020fca000 JavaThread "jar transforms Thread 231" [_thread_blocked, id=66780, stack(0x000000002a1d0000,0x000000002a2d0000)]
  0x0000000020fc1800 JavaThread "jar transforms Thread 230" [_thread_blocked, id=48384, stack(0x000000002a0d0000,0x000000002a1d0000)]
  0x0000000020fc8800 JavaThread "jar transforms Thread 229" [_thread_blocked, id=49928, stack(0x0000000029fd0000,0x000000002a0d0000)]
  0x0000000020fc1000 JavaThread "jar transforms Thread 228" [_thread_blocked, id=18124, stack(0x0000000029ed0000,0x0000000029fd0000)]
  0x0000000020fc7800 JavaThread "jar transforms Thread 227" [_thread_blocked, id=33064, stack(0x0000000029dd0000,0x0000000029ed0000)]
  0x0000000020fc7000 JavaThread "jar transforms Thread 226" [_thread_blocked, id=56040, stack(0x0000000029cd0000,0x0000000029dd0000)]
  0x0000000020fc6000 JavaThread "jar transforms Thread 225" [_thread_blocked, id=7148, stack(0x0000000029bd0000,0x0000000029cd0000)]
  0x0000000020fc4000 JavaThread "jar transforms Thread 224" [_thread_blocked, id=35020, stack(0x0000000029ad0000,0x0000000029bd0000)]
  0x0000000020fc3000 JavaThread "jar transforms Thread 223" [_thread_blocked, id=4924, stack(0x00000000299d0000,0x0000000029ad0000)]
  0x0000000020fc5800 JavaThread "jar transforms Thread 222" [_thread_blocked, id=56136, stack(0x00000000298d0000,0x00000000299d0000)]
  0x0000000020fc2800 JavaThread "jar transforms Thread 221" [_thread_blocked, id=12184, stack(0x00000000297d0000,0x00000000298d0000)]
  0x0000000020fc0000 JavaThread "jar transforms Thread 220" [_thread_blocked, id=67260, stack(0x00000000296d0000,0x00000000297d0000)]
  0x000000001fc17800 JavaThread "jar transforms Thread 219" [_thread_blocked, id=12800, stack(0x00000000295d0000,0x00000000296d0000)]
  0x000000001fc16800 JavaThread "jar transforms Thread 218" [_thread_blocked, id=25576, stack(0x00000000294d0000,0x00000000295d0000)]
  0x000000001fc19000 JavaThread "jar transforms Thread 217" [_thread_blocked, id=20756, stack(0x00000000293d0000,0x00000000294d0000)]
  0x000000001fc16000 JavaThread "jar transforms Thread 216" [_thread_blocked, id=65084, stack(0x00000000292d0000,0x00000000293d0000)]
  0x000000001fc1a000 JavaThread "jar transforms Thread 215" [_thread_blocked, id=3900, stack(0x00000000291d0000,0x00000000292d0000)]
  0x000000001fc18800 JavaThread "jar transforms Thread 214" [_thread_blocked, id=10604, stack(0x00000000290d0000,0x00000000291d0000)]
  0x000000001fc15000 JavaThread "jar transforms Thread 213" [_thread_blocked, id=38736, stack(0x0000000028fd0000,0x00000000290d0000)]
  0x000000001fc14800 JavaThread "jar transforms Thread 212" [_thread_blocked, id=35060, stack(0x0000000028ed0000,0x0000000028fd0000)]
  0x000000001fc0d000 JavaThread "jar transforms Thread 211" [_thread_blocked, id=39232, stack(0x0000000028dd0000,0x0000000028ed0000)]
  0x000000001fc13800 JavaThread "jar transforms Thread 210" [_thread_blocked, id=64428, stack(0x0000000028cd0000,0x0000000028dd0000)]
  0x000000001fc13000 JavaThread "jar transforms Thread 209" [_thread_blocked, id=66976, stack(0x0000000028bd0000,0x0000000028cd0000)]
  0x000000001fc10800 JavaThread "jar transforms Thread 208" [_thread_blocked, id=49272, stack(0x0000000028ad0000,0x0000000028bd0000)]
  0x000000001fc0c000 JavaThread "jar transforms Thread 207" [_thread_blocked, id=67524, stack(0x00000000289d0000,0x0000000028ad0000)]
  0x000000001fc0f000 JavaThread "jar transforms Thread 206" [_thread_blocked, id=41016, stack(0x00000000288d0000,0x00000000289d0000)]
  0x000000001fc12000 JavaThread "jar transforms Thread 205" [_thread_blocked, id=32844, stack(0x00000000287d0000,0x00000000288d0000)]
  0x000000001fc11800 JavaThread "jar transforms Thread 204" [_thread_blocked, id=59424, stack(0x00000000286d0000,0x00000000287d0000)]
  0x000000001fc10000 JavaThread "jar transforms Thread 203" [_thread_blocked, id=67504, stack(0x00000000285d0000,0x00000000286d0000)]
  0x000000001fc0a800 JavaThread "jar transforms Thread 202" [_thread_blocked, id=67264, stack(0x00000000284d0000,0x00000000285d0000)]
  0x000000001fc0d800 JavaThread "jar transforms Thread 201" [_thread_blocked, id=13932, stack(0x00000000283d0000,0x00000000284d0000)]
  0x000000001fc0b800 JavaThread "jar transforms Thread 200" [_thread_blocked, id=21492, stack(0x00000000282d0000,0x00000000283d0000)]
  0x000000001fc0e800 JavaThread "jar transforms Thread 199" [_thread_blocked, id=57176, stack(0x00000000281d0000,0x00000000282d0000)]
  0x000000001f632800 JavaThread "jar transforms Thread 198" [_thread_blocked, id=46224, stack(0x00000000280d0000,0x00000000281d0000)]
  0x000000001f633000 JavaThread "jar transforms Thread 197" [_thread_blocked, id=66708, stack(0x0000000027fd0000,0x00000000280d0000)]
  0x000000001f631800 JavaThread "jar transforms Thread 196" [_thread_blocked, id=67132, stack(0x0000000027ed0000,0x0000000027fd0000)]
  0x000000001f631000 JavaThread "jar transforms Thread 195" [_thread_blocked, id=51716, stack(0x0000000025080000,0x0000000025180000)]
  0x000000001f630000 JavaThread "jar transforms Thread 194" [_thread_blocked, id=65940, stack(0x0000000027dd0000,0x0000000027ed0000)]
  0x000000001f634000 JavaThread "jar transforms Thread 193" [_thread_blocked, id=42184, stack(0x0000000023980000,0x0000000023a80000)]
  0x000000001f628800 JavaThread "jar transforms Thread 192" [_thread_blocked, id=24796, stack(0x0000000027cd0000,0x0000000027dd0000)]
  0x000000001f62f800 JavaThread "jar transforms Thread 191" [_thread_blocked, id=9120, stack(0x0000000027bd0000,0x0000000027cd0000)]
  0x000000001f628000 JavaThread "jar transforms Thread 190" [_thread_blocked, id=41308, stack(0x0000000027ad0000,0x0000000027bd0000)]
  0x000000001f62e800 JavaThread "jar transforms Thread 189" [_thread_blocked, id=45696, stack(0x00000000279d0000,0x0000000027ad0000)]
  0x000000001f62d000 JavaThread "jar transforms Thread 188" [_thread_blocked, id=22892, stack(0x00000000278d0000,0x00000000279d0000)]
  0x000000001f62c800 JavaThread "jar transforms Thread 187" [_thread_blocked, id=11740, stack(0x00000000277d0000,0x00000000278d0000)]
  0x000000001f62e000 JavaThread "jar transforms Thread 186" [_thread_blocked, id=6416, stack(0x00000000276d0000,0x00000000277d0000)]
  0x000000001f62b800 JavaThread "jar transforms Thread 185" [_thread_blocked, id=57828, stack(0x00000000275d0000,0x00000000276d0000)]
  0x000000001f627000 JavaThread "jar transforms Thread 184" [_thread_blocked, id=29132, stack(0x00000000274d0000,0x00000000275d0000)]
  0x000000001f626800 JavaThread "jar transforms Thread 183" [_thread_blocked, id=45372, stack(0x00000000273d0000,0x00000000274d0000)]
  0x000000001f625000 JavaThread "jar transforms Thread 182" [_thread_blocked, id=61292, stack(0x00000000272d0000,0x00000000273d0000)]
  0x000000001f62b000 JavaThread "jar transforms Thread 181" [_thread_blocked, id=64948, stack(0x00000000271d0000,0x00000000272d0000)]
  0x000000001f62a000 JavaThread "jar transforms Thread 180" [_thread_blocked, id=67232, stack(0x00000000270d0000,0x00000000271d0000)]
  0x000000001f625800 JavaThread "jar transforms Thread 179" [_thread_blocked, id=12000, stack(0x0000000026fd0000,0x00000000270d0000)]
  0x000000001f629800 JavaThread "jar transforms Thread 178" [_thread_blocked, id=11836, stack(0x0000000026ed0000,0x0000000026fd0000)]
  0x000000001bc23000 JavaThread "jar transforms Thread 177" [_thread_blocked, id=52368, stack(0x0000000026dd0000,0x0000000026ed0000)]
  0x000000001bc22000 JavaThread "jar transforms Thread 176" [_thread_blocked, id=59560, stack(0x0000000026cd0000,0x0000000026dd0000)]
  0x000000001bc25000 JavaThread "jar transforms Thread 175" [_thread_blocked, id=67480, stack(0x0000000026bd0000,0x0000000026cd0000)]
  0x000000001bc27800 JavaThread "jar transforms Thread 174" [_thread_blocked, id=19384, stack(0x0000000026ad0000,0x0000000026bd0000)]
  0x000000001bc26800 JavaThread "jar transforms Thread 173" [_thread_blocked, id=18268, stack(0x00000000269d0000,0x0000000026ad0000)]
  0x000000001ae92000 JavaThread "jar transforms Thread 172" [_thread_blocked, id=5484, stack(0x00000000268d0000,0x00000000269d0000)]
  0x000000001ae95000 JavaThread "jar transforms Thread 171" [_thread_blocked, id=41928, stack(0x00000000267d0000,0x00000000268d0000)]
  0x000000001ae96800 JavaThread "jar transforms Thread 170" [_thread_blocked, id=37652, stack(0x00000000266d0000,0x00000000267d0000)]
  0x000000001ae93000 JavaThread "jar transforms Thread 169" [_thread_blocked, id=2884, stack(0x00000000265d0000,0x00000000266d0000)]
  0x000000001ae96000 JavaThread "jar transforms Thread 168" [_thread_blocked, id=35000, stack(0x00000000264d0000,0x00000000265d0000)]
  0x000000001ae97800 JavaThread "jar transforms Thread 167" [_thread_blocked, id=48200, stack(0x00000000263d0000,0x00000000264d0000)]
  0x000000001ae91800 JavaThread "jar transforms Thread 166" [_thread_blocked, id=32188, stack(0x00000000262d0000,0x00000000263d0000)]
  0x000000001ae93800 JavaThread "jar transforms Thread 165" [_thread_blocked, id=34340, stack(0x00000000261d0000,0x00000000262d0000)]
  0x000000001ae90800 JavaThread "jar transforms Thread 164" [_thread_blocked, id=62520, stack(0x00000000260d0000,0x00000000261d0000)]
  0x000000002175e800 JavaThread "jar transforms Thread 163" [_thread_blocked, id=40456, stack(0x0000000025fd0000,0x00000000260d0000)]
  0x0000000021760000 JavaThread "jar transforms Thread 162" [_thread_blocked, id=15576, stack(0x0000000025ed0000,0x0000000025fd0000)]
  0x0000000021761800 JavaThread "jar transforms Thread 161" [_thread_blocked, id=66912, stack(0x0000000025dd0000,0x0000000025ed0000)]
  0x000000002175f800 JavaThread "jar transforms Thread 160" [_thread_blocked, id=22324, stack(0x0000000025cd0000,0x0000000025dd0000)]
  0x0000000021756800 JavaThread "jar transforms Thread 159" [_thread_blocked, id=51088, stack(0x0000000025bd0000,0x0000000025cd0000)]
  0x000000002175b000 JavaThread "jar transforms Thread 158" [_thread_blocked, id=34064, stack(0x0000000025ad0000,0x0000000025bd0000)]
  0x000000002175b800 JavaThread "jar transforms Thread 157" [_thread_blocked, id=11648, stack(0x00000000259d0000,0x0000000025ad0000)]
  0x0000000021759800 JavaThread "jar transforms Thread 156" [_thread_blocked, id=50680, stack(0x00000000258d0000,0x00000000259d0000)]
  0x000000002175c800 JavaThread "jar transforms Thread 155" [_thread_blocked, id=31876, stack(0x00000000257d0000,0x00000000258d0000)]
  0x0000000021754000 JavaThread "jar transforms Thread 154" [_thread_blocked, id=66612, stack(0x00000000256d0000,0x00000000257d0000)]
  0x000000002175a000 JavaThread "jar transforms Thread 153" [_thread_blocked, id=34452, stack(0x00000000255d0000,0x00000000256d0000)]
  0x0000000021758000 JavaThread "jar transforms Thread 152" [_thread_blocked, id=53164, stack(0x00000000254d0000,0x00000000255d0000)]
  0x0000000021758800 JavaThread "jar transforms Thread 151" [_thread_blocked, id=35448, stack(0x00000000253d0000,0x00000000254d0000)]
  0x0000000021753800 JavaThread "jar transforms Thread 150" [_thread_blocked, id=3668, stack(0x00000000252d0000,0x00000000253d0000)]
  0x0000000021757000 JavaThread "jar transforms Thread 149" [_thread_blocked, id=10936, stack(0x00000000251d0000,0x00000000252d0000)]
  0x000000001ac89000 JavaThread "jar transforms Thread 148" [_thread_blocked, id=34108, stack(0x0000000023880000,0x0000000023980000)]
  0x000000001ac88800 JavaThread "jar transforms Thread 147" [_thread_blocked, id=67080, stack(0x0000000024f80000,0x0000000025080000)]
  0x000000001ac8c000 JavaThread "jar transforms Thread 146" [_thread_blocked, id=22436, stack(0x0000000024e80000,0x0000000024f80000)]
  0x000000001ac8a800 JavaThread "jar transforms Thread 145" [_thread_blocked, id=10884, stack(0x0000000024d80000,0x0000000024e80000)]
  0x000000001ac8b800 JavaThread "jar transforms Thread 144" [_thread_blocked, id=52848, stack(0x0000000024c80000,0x0000000024d80000)]
  0x000000001ac87800 JavaThread "jar transforms Thread 143" [_thread_blocked, id=23708, stack(0x0000000024b80000,0x0000000024c80000)]
  0x000000001ac8a000 JavaThread "jar transforms Thread 142" [_thread_blocked, id=19060, stack(0x0000000024a80000,0x0000000024b80000)]
  0x000000001ac87000 JavaThread "jar transforms Thread 141" [_thread_blocked, id=7272, stack(0x0000000024980000,0x0000000024a80000)]
  0x000000001ac7f800 JavaThread "jar transforms Thread 140" [_thread_blocked, id=49948, stack(0x0000000024880000,0x0000000024980000)]
  0x000000001ac84800 JavaThread "jar transforms Thread 139" [_thread_blocked, id=62548, stack(0x0000000024780000,0x0000000024880000)]
  0x000000001ac86000 JavaThread "jar transforms Thread 138" [_thread_blocked, id=8876, stack(0x0000000024680000,0x0000000024780000)]
  0x000000001ac85800 JavaThread "jar transforms Thread 137" [_thread_blocked, id=57216, stack(0x0000000024580000,0x0000000024680000)]
  0x000000001ac7d000 JavaThread "jar transforms Thread 136" [_thread_blocked, id=25112, stack(0x0000000024300000,0x0000000024400000)]
  0x000000001ac84000 JavaThread "jar transforms Thread 135" [_thread_blocked, id=59904, stack(0x0000000024200000,0x0000000024300000)]
  0x000000001ac83000 JavaThread "jar transforms Thread 134" [_thread_blocked, id=44516, stack(0x0000000024100000,0x0000000024200000)]
  0x000000001ac7e800 JavaThread "jar transforms Thread 133" [_thread_blocked, id=44608, stack(0x0000000024000000,0x0000000024100000)]
  0x000000001ac82800 JavaThread "jar transforms Thread 132" [_thread_blocked, id=25880, stack(0x0000000023f00000,0x0000000024000000)]
  0x000000001f622800 JavaThread "jar transforms Thread 131" [_thread_blocked, id=20392, stack(0x0000000023e00000,0x0000000023f00000)]
  0x000000001f624000 JavaThread "jar transforms Thread 130" [_thread_blocked, id=67460, stack(0x0000000023d00000,0x0000000023e00000)]
  0x000000001f621800 JavaThread "jar transforms Thread 129" [_thread_blocked, id=49916, stack(0x0000000023c00000,0x0000000023d00000)]
  0x000000001f623000 JavaThread "jar transforms Thread 128" [_thread_blocked, id=18512, stack(0x0000000023b00000,0x0000000023c00000)]
  0x000000001f61c800 JavaThread "Daemon worker Thread 2" [_thread_blocked, id=12020, stack(0x000000001cb80000,0x000000001cc80000)]
  0x000000001f617000 JavaThread "Daemon Thread 2" [_thread_blocked, id=12300, stack(0x0000000001480000,0x0000000001580000)]
  0x0000000021762800 JavaThread "Cache worker for Java compile cache (C:\Users\diwei.li\.gradle\caches\6.5\javaCompile)" [_thread_blocked, id=48496, stack(0x000000002d9c0000,0x000000002dac0000)]
  0x0000000021755000 JavaThread "Memory manager" [_thread_blocked, id=61480, stack(0x000000002cb80000,0x000000002cc80000)]
  0x000000001bc28000 JavaThread "Cache worker for file content cache (C:\Users\diwei.li\.gradle\caches\6.5\fileContent)" [_thread_blocked, id=64180, stack(0x0000000021fb0000,0x00000000220b0000)]
  0x000000001bc23800 JavaThread "Cache worker for execution history cache (C:\Users\diwei.li\.gradle\caches\6.5\executionHistory)" [_thread_blocked, id=66628, stack(0x00000000217b0000,0x00000000218b0000)]
  0x000000001bc24800 JavaThread "Cache worker for file hash cache (C:\Users\diwei.li\.gradle\caches\6.5\fileHashes)" [_thread_blocked, id=22668, stack(0x000000001ec50000,0x000000001ed50000)]
  0x000000001bc26000 JavaThread "File lock request listener" [_thread_in_native, id=47616, stack(0x000000001db80000,0x000000001dc80000)]
  0x000000001bafe800 JavaThread "Cache worker for journal cache (C:\Users\diwei.li\.gradle\caches\journal-1)" [_thread_blocked, id=46540, stack(0x000000001da80000,0x000000001db80000)]
  0x000000001bab6000 JavaThread "Daemon periodic checks" [_thread_blocked, id=66892, stack(0x000000001d180000,0x000000001d280000)]
  0x000000001ba1e800 JavaThread "Incoming local TCP Connector on port 64036" [_thread_in_native, id=62744, stack(0x000000001cd80000,0x000000001ce80000)]
  0x000000001b9e0800 JavaThread "Daemon health stats" [_thread_blocked, id=13028, stack(0x000000001ca80000,0x000000001cb80000)]
  0x000000001963f000 JavaThread "Service Thread" daemon [_thread_blocked, id=65968, stack(0x0000000019ee0000,0x0000000019fe0000)]
  0x0000000019637800 JavaThread "C1 CompilerThread2" daemon [_thread_blocked, id=38480, stack(0x0000000019de0000,0x0000000019ee0000)]
  0x00000000182dc000 JavaThread "C2 CompilerThread1" daemon [_thread_blocked, id=18428, stack(0x0000000019ce0000,0x0000000019de0000)]
=>0x00000000182d8800 JavaThread "C2 CompilerThread0" daemon [_thread_in_native, id=66680, stack(0x0000000019be0000,0x0000000019ce0000)]
  0x00000000182d7000 JavaThread "Attach Listener" daemon [_thread_blocked, id=43416, stack(0x0000000019ae0000,0x0000000019be0000)]
  0x000000001828d000 JavaThread "Signal Dispatcher" daemon [_thread_blocked, id=32028, stack(0x00000000199e0000,0x0000000019ae0000)]
  0x000000000356a000 JavaThread "Finalizer" daemon [_thread_blocked, id=39384, stack(0x00000000194e0000,0x00000000195e0000)]
  0x0000000003561000 JavaThread "Reference Handler" daemon [_thread_blocked, id=54916, stack(0x00000000193e0000,0x00000000194e0000)]
  0x000000000365d800 JavaThread "main" [_thread_blocked, id=67464, stack(0x0000000002f80000,0x0000000003080000)]

Other Threads:
  0x0000000018246800 VMThread [stack: 0x00000000192e0000,0x00000000193e0000] [id=20496]
  0x0000000019640000 WatcherThread [stack: 0x0000000019fe0000,0x000000001a0e0000] [id=12728]

VM state:not at safepoint (normal execution)

VM Mutex/Monitor currently owned by a thread: None

heap address: 0x0000000080000000, size: 2048 MB, Compressed Oops mode: 32-bit
Narrow klass base: 0x0000000000000000, Narrow klass shift: 3
Compressed class space size: 1073741824 Address: 0x0000000100000000

Heap:
 PSYoungGen      total 387584K, used 194981K [0x00000000d5580000, 0x00000000efa00000, 0x0000000100000000)
  eden space 365056K, 51% used [0x00000000d5580000,0x00000000e0e196b0,0x00000000eba00000)
  from space 22528K, 26% used [0x00000000ee400000,0x00000000ee9cfe98,0x00000000efa00000)
  to   space 32768K, 0% used [0x00000000eba00000,0x00000000eba00000,0x00000000eda00000)
 ParOldGen       total 302592K, used 73332K [0x0000000080000000, 0x0000000092780000, 0x00000000d5580000)
  object space 302592K, 24% used [0x0000000080000000,0x000000008479d138,0x0000000092780000)
 Metaspace       used 96920K, capacity 102852K, committed 102872K, reserved 1138688K
  class space    used 12675K, capacity 13812K, committed 13824K, reserved 1048576K

Card table byte_map: [0x0000000012a20000,0x0000000012e30000] byte_map_base: 0x0000000012620000

Marking Bits: (ParMarkBitMap*) 0x000000005c45f030
 Begin Bits: [0x00000000134e0000, 0x00000000154e0000)
 End Bits:   [0x00000000154e0000, 0x00000000174e0000)

Polling page: 0x00000000012a0000

CodeCache: size=245760Kb used=55414Kb max_used=55414Kb free=190345Kb
 bounds [0x0000000003660000, 0x0000000006cd0000, 0x0000000012660000]
 total_blobs=17307 nmethods=16433 adapters=783
 compilation: enabled

Compilation events (10 events):
Event: 305.469 Thread 0x0000000019637800 nmethod 20174 0x0000000006cb8a90 code [0x0000000006cb8c20, 0x0000000006cb8ff8]
Event: 305.469 Thread 0x00000000182dc000 nmethod 20172 0x0000000005c63c50 code [0x0000000005c63da0, 0x0000000005c63e98]
Event: 305.470 Thread 0x0000000019637800 20175       3       java.io.ObjectStreamClass::initNonProxy (551 bytes)
Event: 305.472 Thread 0x0000000019637800 nmethod 20175 0x0000000006cbc7d0 code [0x0000000006cbcc80, 0x0000000006cbfd88]
Event: 305.472 Thread 0x0000000019637800 20176       3       java.io.ObjectStreamClass$FieldReflector::setObjFieldValues (248 bytes)
Event: 305.473 Thread 0x0000000019637800 nmethod 20176 0x0000000006cb5610 code [0x0000000006cb5980, 0x0000000006cb7958]
Event: 305.473 Thread 0x0000000019637800 20177       3       com.sun.jmx.mbeanserver.Repository::retrieveNamedObject (63 bytes)
Event: 305.474 Thread 0x0000000019637800 nmethod 20177 0x0000000006cc1710 code [0x0000000006cc1900, 0x0000000006cc2348]
Event: 305.586 Thread 0x0000000019637800 20178       3       kotlin.collections.CollectionsKt___CollectionsKt::sortedWith (137 bytes)
Event: 305.587 Thread 0x0000000019637800 nmethod 20178 0x0000000006cc2690 code [0x0000000006cc2a00, 0x0000000006cc4118]

GC Heap History (10 events):
Event: 16.686 GC heap before
{Heap before GC invocations=16 (full 3):
 PSYoungGen      total 300032K, used 296189K [0x00000000d5580000, 0x00000000e9580000, 0x0000000100000000)
  eden space 276480K, 100% used [0x00000000d5580000,0x00000000e6380000,0x00000000e6380000)
  from space 23552K, 83% used [0x00000000e7e00000,0x00000000e913f5d8,0x00000000e9500000)
  to   space 25600K, 0% used [0x00000000e6380000,0x00000000e6380000,0x00000000e7c80000)
 ParOldGen       total 208896K, used 65717K [0x0000000080000000, 0x000000008cc00000, 0x00000000d5580000)
  object space 208896K, 31% used [0x0000000080000000,0x000000008402d7f8,0x000000008cc00000)
 Metaspace       used 88266K, capacity 93272K, committed 93400K, reserved 1130496K
  class space    used 12038K, capacity 13044K, committed 13056K, reserved 1048576K
Event: 16.707 GC heap after
Heap after GC invocations=16 (full 3):
 PSYoungGen      total 302080K, used 25569K [0x00000000d5580000, 0x00000000ed300000, 0x0000000100000000)
  eden space 276480K, 0% used [0x00000000d5580000,0x00000000d5580000,0x00000000e6380000)
  from space 25600K, 99% used [0x00000000e6380000,0x00000000e7c78658,0x00000000e7c80000)
  to   space 29696K, 0% used [0x00000000eb600000,0x00000000eb600000,0x00000000ed300000)
 ParOldGen       total 208896K, used 68185K [0x0000000080000000, 0x000000008cc00000, 0x00000000d5580000)
  object space 208896K, 32% used [0x0000000080000000,0x00000000842965f8,0x000000008cc00000)
 Metaspace       used 88266K, capacity 93272K, committed 93400K, reserved 1130496K
  class space    used 12038K, capacity 13044K, committed 13056K, reserved 1048576K
}
Event: 238.363 GC heap before
{Heap before GC invocations=17 (full 3):
 PSYoungGen      total 302080K, used 173722K [0x00000000d5580000, 0x00000000ed300000, 0x0000000100000000)
  eden space 276480K, 53% used [0x00000000d5580000,0x00000000de62e220,0x00000000e6380000)
  from space 25600K, 99% used [0x00000000e6380000,0x00000000e7c78658,0x00000000e7c80000)
  to   space 29696K, 0% used [0x00000000eb600000,0x00000000eb600000,0x00000000ed300000)
 ParOldGen       total 208896K, used 68185K [0x0000000080000000, 0x000000008cc00000, 0x00000000d5580000)
  object space 208896K, 32% used [0x0000000080000000,0x00000000842965f8,0x000000008cc00000)
 Metaspace       used 92987K, capacity 98234K, committed 98380K, reserved 1134592K
  class space    used 12427K, capacity 13471K, committed 13568K, reserved 1048576K
Event: 238.393 GC heap after
Heap after GC invocations=17 (full 3):
 PSYoungGen      total 338432K, used 13420K [0x00000000d5580000, 0x00000000ec680000, 0x0000000100000000)
  eden space 321536K, 0% used [0x00000000d5580000,0x00000000d5580000,0x00000000e8f80000)
  from space 16896K, 79% used [0x00000000eb600000,0x00000000ec31b310,0x00000000ec680000)
  to   space 28160K, 0% used [0x00000000e8f80000,0x00000000e8f80000,0x00000000eab00000)
 ParOldGen       total 208896K, used 85058K [0x0000000080000000, 0x000000008cc00000, 0x00000000d5580000)
  object space 208896K, 40% used [0x0000000080000000,0x0000000085310930,0x000000008cc00000)
 Metaspace       used 92987K, capacity 98234K, committed 98380K, reserved 1134592K
  class space    used 12427K, capacity 13471K, committed 13568K, reserved 1048576K
}
Event: 238.393 GC heap before
{Heap before GC invocations=18 (full 4):
 PSYoungGen      total 338432K, used 13420K [0x00000000d5580000, 0x00000000ec680000, 0x0000000100000000)
  eden space 321536K, 0% used [0x00000000d5580000,0x00000000d5580000,0x00000000e8f80000)
  from space 16896K, 79% used [0x00000000eb600000,0x00000000ec31b310,0x00000000ec680000)
  to   space 28160K, 0% used [0x00000000e8f80000,0x00000000e8f80000,0x00000000eab00000)
 ParOldGen       total 208896K, used 85058K [0x0000000080000000, 0x000000008cc00000, 0x00000000d5580000)
  object space 208896K, 40% used [0x0000000080000000,0x0000000085310930,0x000000008cc00000)
 Metaspace       used 92987K, capacity 98234K, committed 98380K, reserved 1134592K
  class space    used 12427K, capacity 13471K, committed 13568K, reserved 1048576K
Event: 238.611 GC heap after
Heap after GC invocations=18 (full 4):
 PSYoungGen      total 338432K, used 0K [0x00000000d5580000, 0x00000000ec680000, 0x0000000100000000)
  eden space 321536K, 0% used [0x00000000d5580000,0x00000000d5580000,0x00000000e8f80000)
  from space 16896K, 0% used [0x00000000eb600000,0x00000000eb600000,0x00000000ec680000)
  to   space 28160K, 0% used [0x00000000e8f80000,0x00000000e8f80000,0x00000000eab00000)
 ParOldGen       total 302592K, used 66252K [0x0000000080000000, 0x0000000092780000, 0x00000000d5580000)
  object space 302592K, 21% used [0x0000000080000000,0x00000000840b3088,0x0000000092780000)
 Metaspace       used 92580K, capacity 97252K, committed 98380K, reserved 1134592K
  class space    used 12282K, capacity 13210K, committed 13568K, reserved 1048576K
}
Event: 255.625 GC heap before
{Heap before GC invocations=19 (full 4):
 PSYoungGen      total 338432K, used 321536K [0x00000000d5580000, 0x00000000ec680000, 0x0000000100000000)
  eden space 321536K, 100% used [0x00000000d5580000,0x00000000e8f80000,0x00000000e8f80000)
  from space 16896K, 0% used [0x00000000eb600000,0x00000000eb600000,0x00000000ec680000)
  to   space 28160K, 0% used [0x00000000e8f80000,0x00000000e8f80000,0x00000000eab00000)
 ParOldGen       total 302592K, used 66252K [0x0000000080000000, 0x0000000092780000, 0x00000000d5580000)
  object space 302592K, 21% used [0x0000000080000000,0x00000000840b3088,0x0000000092780000)
 Metaspace       used 94411K, capacity 99344K, committed 100184K, reserved 1136640K
  class space    used 12415K, capacity 13406K, committed 13696K, reserved 1048576K
Event: 255.653 GC heap after
Heap after GC invocations=19 (full 4):
 PSYoungGen      total 349696K, used 28139K [0x00000000d5580000, 0x00000000f0400000, 0x0000000100000000)
  eden space 321536K, 0% used [0x00000000d5580000,0x00000000d5580000,0x00000000e8f80000)
  from space 28160K, 99% used [0x00000000e8f80000,0x00000000eaafada0,0x00000000eab00000)
  to   space 32768K, 0% used [0x00000000ee400000,0x00000000ee400000,0x00000000f0400000)
 ParOldGen       total 302592K, used 68034K [0x0000000080000000, 0x0000000092780000, 0x00000000d5580000)
  object space 302592K, 22% used [0x0000000080000000,0x0000000084270950,0x0000000092780000)
 Metaspace       used 94411K, capacity 99344K, committed 100184K, reserved 1136640K
  class space    used 12415K, capacity 13406K, committed 13696K, reserved 1048576K
}
Event: 289.587 GC heap before
{Heap before GC invocations=20 (full 4):
 PSYoungGen      total 349696K, used 349675K [0x00000000d5580000, 0x00000000f0400000, 0x0000000100000000)
  eden space 321536K, 100% used [0x00000000d5580000,0x00000000e8f80000,0x00000000e8f80000)
  from space 28160K, 99% used [0x00000000e8f80000,0x00000000eaafada0,0x00000000eab00000)
  to   space 32768K, 0% used [0x00000000ee400000,0x00000000ee400000,0x00000000f0400000)
 ParOldGen       total 302592K, used 68034K [0x0000000080000000, 0x0000000092780000, 0x00000000d5580000)
  object space 302592K, 22% used [0x0000000080000000,0x0000000084270950,0x0000000092780000)
 Metaspace       used 96563K, capacity 102292K, committed 102360K, reserved 1138688K
  class space    used 12648K, capacity 13764K, committed 13824K, reserved 1048576K
Event: 289.598 GC heap after
Heap after GC invocations=20 (full 4):
 PSYoungGen      total 387584K, used 5951K [0x00000000d5580000, 0x00000000efa00000, 0x0000000100000000)
  eden space 365056K, 0% used [0x00000000d5580000,0x00000000d5580000,0x00000000eba00000)
  from space 22528K, 26% used [0x00000000ee400000,0x00000000ee9cfe98,0x00000000efa00000)
  to   space 32768K, 0% used [0x00000000eba00000,0x00000000eba00000,0x00000000eda00000)
 ParOldGen       total 302592K, used 73332K [0x0000000080000000, 0x0000000092780000, 0x00000000d5580000)
  object space 302592K, 24% used [0x0000000080000000,0x000000008479d138,0x0000000092780000)
 Metaspace       used 96563K, capacity 102292K, committed 102360K, reserved 1138688K
  class space    used 12648K, capacity 13764K, committed 13824K, reserved 1048576K
}

Deoptimization events (10 events):
Event: 271.562 Thread 0x000000001f61c800 Uncommon trap: reason=bimorphic action=maybe_recompile pc=0x0000000004d4a608 method=com.google.common.cache.LocalCache$Segment.get(Ljava/lang/Object;I)Ljava/lang/Object; @ 44
Event: 271.564 Thread 0x000000001f61c800 Uncommon trap: reason=bimorphic action=maybe_recompile pc=0x0000000004d4a608 method=com.google.common.cache.LocalCache$Segment.get(Ljava/lang/Object;I)Ljava/lang/Object; @ 44
Event: 280.899 Thread 0x000000001f61c800 Uncommon trap: reason=class_check action=maybe_recompile pc=0x00000000069135bc method=com.android.build.api.artifact.impl.SinglePropertyAdapter.get()Lorg/gradle/api/provider/Provider; @ 4
Event: 280.899 Thread 0x000000001f61c800 Uncommon trap: reason=class_check action=maybe_recompile pc=0x00000000069135bc method=com.android.build.api.artifact.impl.SinglePropertyAdapter.get()Lorg/gradle/api/provider/Provider; @ 4
Event: 280.899 Thread 0x000000001f61c800 Uncommon trap: reason=class_check action=maybe_recompile pc=0x00000000069135bc method=com.android.build.api.artifact.impl.SinglePropertyAdapter.get()Lorg/gradle/api/provider/Provider; @ 4
Event: 280.899 Thread 0x000000001f61c800 Uncommon trap: reason=class_check action=maybe_recompile pc=0x00000000069135bc method=com.android.build.api.artifact.impl.SinglePropertyAdapter.get()Lorg/gradle/api/provider/Provider; @ 4
Event: 282.316 Thread 0x000000001f61c800 Uncommon trap: reason=bimorphic action=maybe_recompile pc=0x0000000005bed2d4 method=java.util.HashMap.removeNode(ILjava/lang/Object;Ljava/lang/Object;ZZ)Ljava/util/HashMap$Node; @ 143
Event: 289.506 Thread 0x000000001f61c800 Uncommon trap: reason=null_check action=make_not_entrant pc=0x0000000006955db0 method=org.gradle.api.internal.collections.CollectionFilter.filter(Ljava/lang/Object;)Ljava/lang/Object; @ 5
Event: 290.487 Thread 0x000000001f61c800 Uncommon trap: reason=array_check action=maybe_recompile pc=0x0000000006abcfb4 method=java.util.ComparableTimSort.reverseRange([Ljava/lang/Object;II)V @ 27
Event: 290.501 Thread 0x00000000215e1000 Uncommon trap: reason=array_check action=maybe_recompile pc=0x0000000006abcfb4 method=java.util.ComparableTimSort.reverseRange([Ljava/lang/Object;II)V @ 27

Classes redefined (0 events):
No events

Internal exceptions (10 events):
Event: 290.489 Thread 0x000000001f61c800 Exception <a 'sun/nio/fs/WindowsException'> (0x00000000d9d79190) thrown at [C:\src\AOSP-openjdk-git\hotspot\src\share\vm\prims\jni.cpp, line 710]
Event: 291.121 Thread 0x00000000215e1000 Exception <a 'java/io/IOException'> (0x00000000da15ce70) thrown at [C:\src\AOSP-openjdk-git\hotspot\src\share\vm\prims\jni.cpp, line 710]
Event: 291.121 Thread 0x000000001f61c800 Exception <a 'java/lang/reflect/InvocationTargetException'> (0x00000000d9e21650) thrown at [C:\src\AOSP-openjdk-git\hotspot\src\share\vm\runtime\reflection.cpp, line 1092]
Event: 304.616 Thread 0x000000001f61c800 Exception <a 'sun/nio/fs/WindowsException'> (0x00000000dc7958c0) thrown at [C:\src\AOSP-openjdk-git\hotspot\src\share\vm\prims\jni.cpp, line 710]
Event: 305.457 Thread 0x000000001f61c800 Exception <a 'sun/nio/fs/WindowsException'> (0x00000000e0a39798) thrown at [C:\src\AOSP-openjdk-git\hotspot\src\share\vm\prims\jni.cpp, line 710]
Event: 305.457 Thread 0x000000001f61c800 Exception <a 'sun/nio/fs/WindowsException'> (0x00000000e0a3b3a8) thrown at [C:\src\AOSP-openjdk-git\hotspot\src\share\vm\prims\jni.cpp, line 710]
Event: 305.462 Thread 0x000000001f61c800 Exception <a 'sun/nio/fs/WindowsException'> (0x00000000e0a3c5e8) thrown at [C:\src\AOSP-openjdk-git\hotspot\src\share\vm\prims\jni.cpp, line 710]
Event: 305.462 Thread 0x000000001f61c800 Exception <a 'sun/nio/fs/WindowsException'> (0x00000000e0a3e1f0) thrown at [C:\src\AOSP-openjdk-git\hotspot\src\share\vm\prims\jni.cpp, line 710]
Event: 305.462 Thread 0x000000001f61c800 Exception <a 'sun/nio/fs/WindowsException'> (0x00000000e0a3f2c0) thrown at [C:\src\AOSP-openjdk-git\hotspot\src\share\vm\prims\jni.cpp, line 710]
Event: 305.463 Thread 0x000000001f61c800 Exception <a 'sun/nio/fs/WindowsException'> (0x00000000e0a40e98) thrown at [C:\src\AOSP-openjdk-git\hotspot\src\share\vm\prims\jni.cpp, line 710]

Events (10 events):
Event: 305.107 Executing VM operation: RevokeBias done
Event: 305.249 Executing VM operation: RevokeBias
Event: 305.249 Executing VM operation: RevokeBias done
Event: 305.468 Thread 0x000000001f618000 Thread added: 0x000000001f618000
Event: 305.468 Thread 0x000000001f615000 Thread added: 0x000000001f615000
Event: 305.470 Executing VM operation: RevokeBias
Event: 305.470 Executing VM operation: RevokeBias done
Event: 305.474 Thread 0x000000001f618800 Thread added: 0x000000001f618800
Event: 305.508 Thread 0x000000001f61d000 Thread added: 0x000000001f61d000
Event: 305.508 Thread 0x000000001f619800 Thread added: 0x000000001f619800


Dynamic libraries:
0x00007ff72d580000 - 0x00007ff72d5b1000 	G:\android-studio\jre\bin\java.exe
0x00007ffab61c0000 - 0x00007ffab63b0000 	C:\Windows\SYSTEM32\ntdll.dll
0x00007ffab4df0000 - 0x00007ffab4ea2000 	C:\Windows\System32\KERNEL32.DLL
0x00007ffab3c70000 - 0x00007ffab3f13000 	C:\Windows\System32\KERNELBASE.dll
0x00007ffab4d10000 - 0x00007ffab4db3000 	C:\Windows\System32\ADVAPI32.DLL
0x00007ffab44d0000 - 0x00007ffab456e000 	C:\Windows\System32\msvcrt.dll
0x00007ffab4270000 - 0x00007ffab4307000 	C:\Windows\System32\sechost.dll
0x00007ffab5240000 - 0x00007ffab5360000 	C:\Windows\System32\RPCRT4.dll
0x00007ffab5d60000 - 0x00007ffab5ef3000 	C:\Windows\System32\USER32.dll
0x00007ffab3220000 - 0x00007ffab3241000 	C:\Windows\System32\win32u.dll
0x00007ffab4dc0000 - 0x00007ffab4de6000 	C:\Windows\System32\GDI32.dll
0x00007ffab3f20000 - 0x00007ffab40b4000 	C:\Windows\System32\gdi32full.dll
0x00007ffab3250000 - 0x00007ffab32ee000 	C:\Windows\System32\msvcp_win.dll
0x00007ffab3b50000 - 0x00007ffab3c4a000 	C:\Windows\System32\ucrtbase.dll
0x00007ffaa5430000 - 0x00007ffaa56b5000 	C:\Windows\WinSxS\amd64_microsoft.windows.common-controls_6595b64144ccf1df_6.0.18362.329_none_e6c7b0c7130c72de\COMCTL32.dll
0x00007ffab5a20000 - 0x00007ffab5d56000 	C:\Windows\System32\combase.dll
0x00007ffab31a0000 - 0x00007ffab3220000 	C:\Windows\System32\bcryptPrimitives.dll
0x00007ffab5430000 - 0x00007ffab545e000 	C:\Windows\System32\IMM32.DLL
0x000000005bad0000 - 0x000000005bba2000 	G:\android-studio\jre\jre\bin\msvcr100.dll
0x000000005bc90000 - 0x000000005c4db000 	G:\android-studio\jre\jre\bin\server\jvm.dll
0x00007ffab4c60000 - 0x00007ffab4c68000 	C:\Windows\System32\PSAPI.DLL
0x00007ffab1270000 - 0x00007ffab1294000 	C:\Windows\SYSTEM32\WINMM.dll
0x00007ffaa4640000 - 0x00007ffaa4649000 	C:\Windows\SYSTEM32\WSOCK32.dll
0x00007ffab5360000 - 0x00007ffab53cf000 	C:\Windows\System32\WS2_32.dll
0x00007ffaa2df0000 - 0x00007ffaa2dfa000 	C:\Windows\SYSTEM32\VERSION.dll
0x00007ffab1240000 - 0x00007ffab126d000 	C:\Windows\SYSTEM32\winmmbase.dll
0x00007ffab3150000 - 0x00007ffab319a000 	C:\Windows\System32\cfgmgr32.dll
0x00007ffaa3800000 - 0x00007ffaa380f000 	G:\android-studio\jre\jre\bin\verify.dll
0x00007ffa9f8a0000 - 0x00007ffa9f8c9000 	G:\android-studio\jre\jre\bin\java.dll
0x00007ffaa1cf0000 - 0x00007ffaa1d06000 	G:\android-studio\jre\jre\bin\zip.dll
0x00007ffab4570000 - 0x00007ffab4c55000 	C:\Windows\System32\SHELL32.dll
0x00007ffab4370000 - 0x00007ffab4419000 	C:\Windows\System32\shcore.dll
0x00007ffab32f0000 - 0x00007ffab3a6e000 	C:\Windows\System32\windows.storage.dll
0x00007ffab30c0000 - 0x00007ffab30df000 	C:\Windows\System32\profapi.dll
0x00007ffab30e0000 - 0x00007ffab312a000 	C:\Windows\System32\powrprof.dll
0x00007ffab3090000 - 0x00007ffab30a0000 	C:\Windows\System32\UMPDC.dll
0x00007ffab53d0000 - 0x00007ffab5422000 	C:\Windows\System32\shlwapi.dll
0x00007ffab30a0000 - 0x00007ffab30b1000 	C:\Windows\System32\kernel.appcore.dll
0x00007ffab3c50000 - 0x00007ffab3c67000 	C:\Windows\System32\cryptsp.dll
0x00007ffa9f400000 - 0x00007ffa9f41a000 	G:\android-studio\jre\jre\bin\net.dll
0x00007ffab28a0000 - 0x00007ffab2907000 	C:\Windows\system32\mswsock.dll
0x00007ffa9e450000 - 0x00007ffa9e463000 	G:\android-studio\jre\jre\bin\nio.dll
0x00007ffa9e7e0000 - 0x00007ffa9e807000 	C:\Users\diwei.li\.gradle\native\f6784746aeab05261644944871eae4fe03e0ef1612fff0a4a95f87b438bc6780\windows-amd64\native-platform.dll
0x00007ffaa3790000 - 0x00007ffaa379d000 	G:\android-studio\jre\jre\bin\management.dll
0x00007ffab2410000 - 0x00007ffab2443000 	C:\Windows\system32\rsaenh.dll
0x00007ffab3a70000 - 0x00007ffab3a96000 	C:\Windows\System32\bcrypt.dll
0x00007ffab2f80000 - 0x00007ffab2fa5000 	C:\Windows\SYSTEM32\USERENV.dll
0x00007ffab2a70000 - 0x00007ffab2a7c000 	C:\Windows\SYSTEM32\CRYPTBASE.dll
0x00007ffab25b0000 - 0x00007ffab25ea000 	C:\Windows\SYSTEM32\IPHLPAPI.DLL
0x00007ffab5a10000 - 0x00007ffab5a18000 	C:\Windows\System32\NSI.dll
0x00007ffaaf4b0000 - 0x00007ffaaf4c6000 	C:\Windows\SYSTEM32\dhcpcsvc6.DLL
0x00007ffaaf440000 - 0x00007ffaaf45c000 	C:\Windows\SYSTEM32\dhcpcsvc.DLL
0x00007ffab25f0000 - 0x00007ffab26ba000 	C:\Windows\SYSTEM32\DNSAPI.dll
0x00007ffaaf7a0000 - 0x00007ffaaf7ab000 	C:\Windows\SYSTEM32\WINNSI.DLL

VM Arguments:
jvm_args: -Xmx2048m -Dfile.encoding=UTF-8 -Duser.country=CN -Duser.language=zh -Duser.variant 
java_command: org.gradle.launcher.daemon.bootstrap.GradleDaemon 6.5
java_class_path (initial): C:\Users\diwei.li\.gradle\wrapper\dists\gradle-6.5-bin\6nifqtx7604sqp1q6g8wikw7p\gradle-6.5\lib\gradle-launcher-6.5.jar
Launcher Type: SUN_STANDARD

Environment Variables:
JAVA_HOME=G:\itapp\java\jdk-15.0.2
PATH=C:\Program Files (x86)\Common Files\Oracle\Java\javapath\111;C:\Windows\system32;C:\Windows;C:\Windows\System32\Wbem;C:\Windows\System32\WindowsPowerShell\v1.0\;C:\Windows\System32\OpenSSH\;C:\Program Files\Git\cmd;C:\Program Files\TortoiseSVN\bin;C:\app\apache-maven-3.6.3\bin;C:\app\apache-maven-3.6.3;C:\Program Files (x86)\NetSarang\Xftp 7\;C:\app\apache-tomcat-9.0.40\bin;C:\Program Files\nodejs\;C:\Program Files (x86)\NetSarang\Xshell 7\;C:\Program Files\Redis\;F:\Redis;G:\itapp\neo4j\neo4j-community-4.2.3\bin;G:\itapp\java\jdk-15.0.2\bin;C:\Users\diwei.li\AppData\Local\Microsoft\WindowsApps;C:\Users\diwei.li\AppData\Roaming\npm
USERNAME=diwei.li
OS=Windows_NT
PROCESSOR_IDENTIFIER=Intel64 Family 6 Model 158 Stepping 9, GenuineIntel



---------------  S Y S T E M  ---------------

OS: Windows 10.0 , 64 bit Build 18362 (10.0.18362.329)

CPU:total 4 (initial active 4) (4 cores per cpu, 1 threads per core) family 6 model 158 stepping 9, cmov, cx8, fxsr, mmx, sse, sse2, sse3, ssse3, sse4.1, sse4.2, popcnt, avx, avx2, aes, clmul, erms, 3dnowpref, lzcnt, tsc, tscinvbit, bmi1, bmi2, adx

Memory: 4k page, physical 16650828k(4184756k free), swap 31303240k(6512k free)

vm_info: OpenJDK 64-Bit Server VM (25.242-b01) for windows-amd64 JRE (1.8.0_242-release-1644-b01), built by "builder" with MS VC++ 10.0 (VS2010)

time: Tue Mar 02 11:28:49 2021
timezone: 中国标准时间
elapsed time: 305 seconds (0d 0h 5m 5s)

